This is e-upTeX, Version 3.141592653-p4.1.1-u1.30-230214-2.6 (utf8.sjis) (TeX Live 2024) (preloaded format=platex 2024.4.11)  12 FEB 2025 14:16
entering extended mode
 restricted \write18 enabled.
 file:line:error style messages enabled.
 %&-line parsing enabled.
**c:/Users/watanabe_shouta/2024_graduation_thesis/utf-8/main.tex
(c:/Users/watanabe_shouta/2024_graduation_thesis/utf-8/main.tex
pLaTeX2e <2023-02-14>+1, based on
LaTeX2e <2023-11-01> patch level 1
L3 programming layer <2024-03-14>
(c:/texlive/2024/texmf-dist/tex/platex/base/jarticle.cls
Document Class: jarticle 2020/09/30 v1.8f Standard pLaTeX class
\c@@paper=\count187
(c:/texlive/2024/texmf-dist/tex/platex/base/jsize11.clo
File: jsize11.clo 2020/09/30 v1.8f Standard pLaTeX file (size option)
)
\c@part=\count188
\c@section=\count189
\c@subsection=\count190
\c@subsubsection=\count191
\c@paragraph=\count192
\c@subparagraph=\count193
\c@figure=\count194
\c@table=\count195
\abovecaptionskip=\skip48
\belowcaptionskip=\skip49
\symmincho=\mathgroup4
LaTeX Font Info:    Overwriting symbol font `mincho' in version `bold'
(Font)                  JY1/mc/m/n --> JY1/gt/m/n on input line 615.
\toclineskip=\dimen156
\@lnumwidth=\dimen157
\bibindent=\dimen158
\heisei=\count196
) (c:/texlive/2024/texmf-dist/tex/latex/graphics/graphicx.sty
Package: graphicx 2021/09/16 v1.2d Enhanced LaTeX Graphics (DPC,SPQR)
 (c:/texlive/2024/texmf-dist/tex/latex/graphics/keyval.sty
Package: keyval 2022/05/29 v1.15 key=value parser (DPC)
\KV@toks@=\toks18
) (c:/texlive/2024/texmf-dist/tex/latex/graphics/graphics.sty
Package: graphics 2022/03/10 v1.4e Standard LaTeX Graphics (DPC,SPQR)
 (c:/texlive/2024/texmf-dist/tex/latex/graphics/trig.sty
Package: trig 2021/08/11 v1.11 sin cos tan (DPC)
) (c:/texlive/2024/texmf-dist/tex/latex/graphics-cfg/graphics.cfg
File: graphics.cfg 2016/06/04 v1.11 sample graphics configuration
)
Package graphics Info: Driver file: dvipdfmx.def on input line 107.
 (c:/texlive/2024/texmf-dist/tex/latex/graphics-def/dvipdfmx.def
File: dvipdfmx.def 2022/09/22 v5.0m Graphics/color driver for dvipdfmx
))
\Gin@req@height=\dimen159
\Gin@req@width=\dimen160
) (./sty/fancyheadings.sty
\headrulewidth=\dimen161
\footrulewidth=\dimen162
\plainheadrulewidth=\dimen163
\plainfootrulewidth=\dimen164
\headwidth=\dimen165
) (./sty/sotsuron2009.sty) (c:/texlive/2024/texmf-dist/tex/latex/here/here.sty) (c:/texlive/2024/texmf-dist/tex/latex/float/float.sty
Package: float 2001/11/08 v1.3d Float enhancements (AL)
\c@float@type=\count197
\float@exts=\toks19
\float@box=\box68
\@float@everytoks=\toks20
\@floatcapt=\box69
) (c:/texlive/2024/texmf-dist/tex/latex/ascmac/ascmac.sty
Package: ascmac 2020/01/15 v2.1 ascmac wrapper (community edition) 
 (c:/texlive/2024/texmf-dist/tex/latex/ascmac/tascmac.sty
Package: tascmac 2020/01/15 v2.1 ascmac package (community edition) 
\@savetbaselineshift=\dimen166
\@saveybaselineshift=\dimen167
\scb@x=\box70
\scscb@x=\box71
\@bw=\dimen168
\@nbox=\box72
\@nbody=\box73
\@scw=\dimen169
\ascmac@hoboxa=\box74
\ascmac@hoboxb=\box75
\@itemh=\dimen170
\@iboxpos=\toks21
\@iboxstr=\box76
\@bwsp=\box77
\@@bwsp=\box78
\@bcal=\count198
\shaderule=\dimen171
)) (c:/texlive/2024/texmf-dist/tex/latex/caption/subcaption.sty
Package: subcaption 2023/07/28 v1.6b Sub-captions (AR)
 (c:/texlive/2024/texmf-dist/tex/latex/caption/caption.sty
Package: caption 2023/08/05 v3.6o Customizing captions (AR)
 (c:/texlive/2024/texmf-dist/tex/latex/caption/caption3.sty
Package: caption3 2023/07/31 v2.4d caption3 kernel (AR)
\caption@tempdima=\dimen172
\captionmargin=\dimen173
\caption@leftmargin=\dimen174
\caption@rightmargin=\dimen175
\caption@width=\dimen176
\caption@indent=\dimen177
\caption@parindent=\dimen178
\caption@hangindent=\dimen179
Package caption Info: Unknown document class (or package),
(caption)             standard defaults will be used.
Package caption Info: \@makecaption = \long macro:#1#2->\vskip \abovecaptionskip \iftdir \sbox \@tempboxa {#1\hskip 1zw#2}\else \sbox \@tempboxa {#1: #2}\fi \ifdim \wd \@tempboxa >\hsize \iftdir #1\hskip 1zw#2\relax \par \else #1: #2\relax \par \fi \else \global \@minipagefalse \hb@xt@ \hsize {\hfil \box \@tempboxa \hfil }\fi \vskip \belowcaptionskip  on input line 1175.
)

Package caption Warning: Unknown document class (or package),
(caption)                standard defaults will be used.
See the caption package documentation for explanation.

\c@caption@flags=\count199
\c@continuedfloat=\count266
Package caption Info: float package is loaded.
)
Package caption Info: New subtype `subfigure' on input line 238.
\c@subfigure=\count267
Package caption Info: New subtype `subtable' on input line 238.
\c@subtable=\count268
) (c:/texlive/2024/texmf-dist/tex/latex/cite/cite.sty
LaTeX Info: Redefining \cite on input line 302.
LaTeX Info: Redefining \nocite on input line 332.
Package: cite 2015/02/27  v 5.5
) (c:/texlive/2024/texmf-dist/tex/latex/amsmath/amsmath.sty
Package: amsmath 2023/05/13 v2.17o AMS math features
\@mathmargin=\skip50

For additional information on amsmath, use the `?' option.
(c:/texlive/2024/texmf-dist/tex/latex/amsmath/amstext.sty
Package: amstext 2021/08/26 v2.01 AMS text
 (c:/texlive/2024/texmf-dist/tex/latex/amsmath/amsgen.sty
File: amsgen.sty 1999/11/30 v2.0 generic functions
\@emptytoks=\toks22
\ex@=\dimen180
)) (c:/texlive/2024/texmf-dist/tex/latex/amsmath/amsbsy.sty
Package: amsbsy 1999/11/29 v1.2d Bold Symbols
\pmbraise@=\dimen181
) (c:/texlive/2024/texmf-dist/tex/latex/amsmath/amsopn.sty
Package: amsopn 2022/04/08 v2.04 operator names
)
\inf@bad=\count269
LaTeX Info: Redefining \frac on input line 234.
\uproot@=\count270
\leftroot@=\count271
LaTeX Info: Redefining \overline on input line 399.
LaTeX Info: Redefining \colon on input line 410.
\classnum@=\count272
\DOTSCASE@=\count273
LaTeX Info: Redefining \ldots on input line 496.
LaTeX Info: Redefining \dots on input line 499.
LaTeX Info: Redefining \cdots on input line 620.
\Mathstrutbox@=\box79
\strutbox@=\box80
LaTeX Info: Redefining \big on input line 722.
LaTeX Info: Redefining \Big on input line 723.
LaTeX Info: Redefining \bigg on input line 724.
LaTeX Info: Redefining \Bigg on input line 725.
\big@size=\dimen182
LaTeX Font Info:    Redeclaring font encoding OML on input line 743.
LaTeX Font Info:    Redeclaring font encoding OMS on input line 744.
\macc@depth=\count274
LaTeX Info: Redefining \bmod on input line 905.
LaTeX Info: Redefining \pmod on input line 910.
LaTeX Info: Redefining \smash on input line 940.
LaTeX Info: Redefining \relbar on input line 970.
LaTeX Info: Redefining \Relbar on input line 971.
\c@MaxMatrixCols=\count275
\dotsspace@=\muskip16
\c@parentequation=\count276
\dspbrk@lvl=\count277
\tag@help=\toks23
\row@=\count278
\column@=\count279
\maxfields@=\count280
\andhelp@=\toks24
\eqnshift@=\dimen183
\alignsep@=\dimen184
\tagshift@=\dimen185
\tagwidth@=\dimen186
\totwidth@=\dimen187
\lineht@=\dimen188
\@envbody=\toks25
\multlinegap=\skip51
\multlinetaggap=\skip52
\mathdisplay@stack=\toks26
LaTeX Info: Redefining \[ on input line 2953.
LaTeX Info: Redefining \] on input line 2954.
) (c:/texlive/2024/texmf-dist/tex/latex/pdfpages/pdfpages.sty
Package: pdfpages 2024/01/21 v0.5y Insert pages of external PDF documents (AM)
 (c:/texlive/2024/texmf-dist/tex/latex/base/ifthen.sty
Package: ifthen 2022/04/13 v1.1d Standard LaTeX ifthen package (DPC)
) (c:/texlive/2024/texmf-dist/tex/latex/tools/calc.sty
Package: calc 2023/07/08 v4.3 Infix arithmetic (KKT,FJ)
\calc@Acount=\count281
\calc@Bcount=\count282
\calc@Adimen=\dimen189
\calc@Bdimen=\dimen190
\calc@Askip=\skip53
\calc@Bskip=\skip54
LaTeX Info: Redefining \setlength on input line 80.
LaTeX Info: Redefining \addtolength on input line 81.
\calc@Ccount=\count283
\calc@Cskip=\skip55
) (c:/texlive/2024/texmf-dist/tex/latex/eso-pic/eso-pic.sty
Package: eso-pic 2023/05/03 v3.0c eso-pic (RN)
\ESO@tempdima=\dimen191
\ESO@tempdimb=\dimen192
 (c:/texlive/2024/texmf-dist/tex/latex/xcolor/xcolor.sty
Package: xcolor 2023/11/15 v3.01 LaTeX color extensions (UK)
 (c:/texlive/2024/texmf-dist/tex/latex/graphics-cfg/color.cfg
File: color.cfg 2016/01/02 v1.6 sample color configuration
)
Package xcolor Info: Driver file: dvipdfmx.def on input line 274.
 (c:/texlive/2024/texmf-dist/tex/latex/graphics/mathcolor.ltx)
Package xcolor Info: Model `cmy' substituted by `cmy0' on input line 1350.
Package xcolor Info: Model `RGB' extended on input line 1366.
Package xcolor Info: Model `HTML' substituted by `rgb' on input line 1368.
Package xcolor Info: Model `Hsb' substituted by `hsb' on input line 1369.
Package xcolor Info: Model `tHsb' substituted by `hsb' on input line 1370.
Package xcolor Info: Model `HSB' substituted by `hsb' on input line 1371.
Package xcolor Info: Model `Gray' substituted by `gray' on input line 1372.
Package xcolor Info: Model `wave' substituted by `hsb' on input line 1373.
))
\AM@pagewidth=\dimen193
\AM@pageheight=\dimen194
\AM@fboxrule=\dimen195
 (c:/texlive/2024/texmf-dist/tex/latex/pdfpages/ppdvipdfmx.def
File: ppdvipdfmx.def 2024/01/21 v0.5y Pdfpages driver for dvipdfmx (AM)
)
\pdfpages@includegraphics@status=\count284
\AM@pagebox=\box81
\AM@global@opts=\toks27
\AM@pagecnt=\count285
\AM@toc@title=\toks28
\AM@lof@heading=\toks29
\c@AM@survey=\count286
\AM@templatesizebox=\box82
) (c:/texlive/2024/texmf-dist/tex/latex/tools/bm.sty
Package: bm 2023/07/08 v1.2f Bold Symbol Support (DPC/FMi)
\symboldoperators=\mathgroup5
\symboldletters=\mathgroup6
\symboldsymbols=\mathgroup7
Package bm Info: No bold for \OMX/cmex/m/n, using \pmb.
\symboldmincho=\mathgroup8
LaTeX Font Info:    Redeclaring math alphabet \mathbf on input line 149.
) (c:/texlive/2024/texmf-dist/tex/latex/comment/comment.sty
\CommentStream=\write3
 Excluding comment 'comment') (c:/texlive/2024/texmf-dist/tex/latex/url/url.sty
\Urlmuskip=\muskip17
Package: url 2013/09/16  ver 3.4  Verb mode for urls, etc.
) (c:/texlive/2024/texmf-dist/tex/latex/l3backend/l3backend-dvipdfmx.def
File: l3backend-dvipdfmx.def 2024-03-14 L3 backend support: dvipdfmx
\g__graphics_track_int=\count287
\l__pdf_internal_box=\box83
\g__pdf_backend_object_int=\count288
\g__pdf_backend_annotation_int=\count289
\g__pdf_backend_link_int=\count290
) (./main.aux (./chapters/abstract.aux) (./chapters/abstract(english).aux) (./chapters/introduction.aux) (./chapters/sec2.aux) (./chapters/sec3.aux) (./chapters/sec4.aux) (./chapters/sec5.aux) (./chapters/sec_kousatu.aux) (./chapters/conclusion.aux) (./chapters/acknowledgement.aux) (./chapters/bibliography.aux) (./chapters/appendix.aux))
\openout1 = `main.aux'.

LaTeX Font Info:    Checking defaults for OML/cmm/m/it on input line 42.
LaTeX Font Info:    ... okay on input line 42.
LaTeX Font Info:    Checking defaults for OMS/cmsy/m/n on input line 42.
LaTeX Font Info:    ... okay on input line 42.
LaTeX Font Info:    Checking defaults for OT1/cmr/m/n on input line 42.
LaTeX Font Info:    ... okay on input line 42.
LaTeX Font Info:    Checking defaults for T1/cmr/m/n on input line 42.
LaTeX Font Info:    ... okay on input line 42.
LaTeX Font Info:    Checking defaults for TS1/cmr/m/n on input line 42.
LaTeX Font Info:    ... okay on input line 42.
LaTeX Font Info:    Checking defaults for OMX/cmex/m/n on input line 42.
LaTeX Font Info:    ... okay on input line 42.
LaTeX Font Info:    Checking defaults for U/cmr/m/n on input line 42.
LaTeX Font Info:    ... okay on input line 42.
LaTeX Font Info:    Checking defaults for JY1/mc/m/n on input line 42.
LaTeX Font Info:    ... okay on input line 42.
LaTeX Font Info:    Checking defaults for JT1/mc/m/n on input line 42.
LaTeX Font Info:    ... okay on input line 42.
Package caption Info: Begin \AtBeginDocument code.
Package caption Info: End \AtBeginDocument code.
 (c:/texlive/2024/texmf-dist/tex/latex/pdflscape/pdflscape.sty
Package: pdflscape 2022-10-27 v0.13 Display of landscape pages in PDF
 (c:/texlive/2024/texmf-dist/tex/latex/pdflscape/pdflscape-nometadata.sty
Package: pdflscape-nometadata 2022-10-28 v0.13 Display of landscape pages in PDF (HO)
 (c:/texlive/2024/texmf-dist/tex/generic/iftex/iftex.sty
Package: iftex 2022/02/03 v1.0f TeX engine tests
) (c:/texlive/2024/texmf-dist/tex/latex/graphics/lscape.sty
Package: lscape 2020/05/28 v3.02 Landscape Pages (DPC)
))) Excluding 'comment' comment.
File: front.pdf Graphic file (type pdf)
<front.pdf>
File: front.pdf Graphic file (type pdf)
<front.pdf>
File: front.pdf Graphic file (type pdf)
<front.pdf>
File: front.pdf Graphic file (type pdf)
<front.pdf>
File: front.pdf Graphic file (type pdf)
<front.pdf>
 [1


]
\openout2 = `chapters/abstract.aux'.

 (./chapters/abstract.tex
LaTeX Font Info:    Font shape `JT1/mc/bx/n' in size <14.4> not available
(Font)              Font shape `JT1/gt/m/n' tried instead on input line 2.
LaTeX Font Info:    Font shape `JY1/mc/bx/n' in size <14.4> not available
(Font)              Font shape `JY1/gt/m/n' tried instead on input line 2.
) [2

]
\openout2 = `chapters/abstract(english).aux'.

 (./chapters/abstract(english).tex) [3



] (./main.toc
LaTeX Font Info:    Font shape `JT1/mc/bx/n' in size <10.95> not available
(Font)              Font shape `JT1/gt/m/n' tried instead on input line 1.
LaTeX Font Info:    Font shape `JY1/mc/bx/n' in size <10.95> not available
(Font)              Font shape `JY1/gt/m/n' tried instead on input line 1.
)
\tf@toc=\write4
\openout4 = `main.toc'.

 [4


]
\openout2 = `chapters/introduction.aux'.

 (./chapters/introduction.tex)
Overfull \vbox (16.5851pt too high) has occurred while \output is active []

 [1

]
\openout2 = `chapters/sec2.aux'.

 (./chapters/sec2.tex
LaTeX Font Info:    Font shape `JT1/mc/bx/n' in size <12> not available
(Font)              Font shape `JT1/gt/m/n' tried instead on input line 5.
LaTeX Font Info:    Font shape `JY1/mc/bx/n' in size <12> not available
(Font)              Font shape `JY1/gt/m/n' tried instead on input line 5.
File: chapters/picture/zenrarobot.jpg Graphic file (type bmp)
<chapters/picture/zenrarobot.jpg>
File: chapters/picture/fishrobot.jpg Graphic file (type bmp)
<chapters/picture/fishrobot.jpg>
File: chapters/picture/mosikizu.jpg Graphic file (type bmp)
<chapters/picture/mosikizu.jpg>

Overfull \vbox (16.5851pt too high) has occurred while \output is active []

 [2



]
File: chapters/picture/zakutu1.png Graphic file (type bmp)
<chapters/picture/zakutu1.png>
File: chapters/picture/zakutu2.png Graphic file (type bmp)
<chapters/picture/zakutu2.png>
File: chapters/picture/link.png Graphic file (type bmp)
<chapters/picture/link.png>

Overfull \vbox (16.5851pt too high) has occurred while \output is active []

 [3]
File: chapters/picture/swim.png Graphic file (type bmp)
<chapters/picture/swim.png>
File: chapters/picture/speed.eps Graphic file (type eps)
<chapters/picture/speed.eps>
File: chapters/picture/aka.png Graphic file (type bmp)
<chapters/picture/aka.png>
File: chapters/picture/siro_naka.png Graphic file (type bmp)
<chapters/picture/siro_naka.png>
File: chapters/picture/siro_obire.png Graphic file (type bmp)
<chapters/picture/siro_obire.png>

Overfull \vbox (16.5851pt too high) has occurred while \output is active []

 [4])
Overfull \vbox (16.5851pt too high) has occurred while \output is active []

 [5]
\openout2 = `chapters/sec3.aux'.

 (./chapters/sec3.tex
File: chapters/picture/waiyakudou.eps Graphic file (type eps)
<chapters/picture/waiyakudou.eps>

Overfull \vbox (16.5851pt too high) has occurred while \output is active []

 [6



]
File: chapters/picture/sisaku.jpg Graphic file (type bmp)
<chapters/picture/sisaku.jpg>
File: chapters/picture/tentativeschematic.png Graphic file (type bmp)
<chapters/picture/tentativeschematic.png>
File: chapters/picture/ring.jpg Graphic file (type bmp)
<chapters/picture/ring.jpg>
File: chapters/picture/jikkilink.png Graphic file (type bmp)
<chapters/picture/jikkilink.png>

Overfull \vbox (16.5851pt too high) has occurred while \output is active []

 [7]
File: chapters/picture/bousuitest.png Graphic file (type bmp)
<chapters/picture/bousuitest.png>
File: chapters/picture/sisakuoyogu2.png Graphic file (type bmp)
<chapters/picture/sisakuoyogu2.png>
)
Overfull \vbox (16.5851pt too high) has occurred while \output is active []

 [8]
\openout2 = `chapters/sec4.aux'.

 (./chapters/sec4.tex
File: chapters/picture/withskin.jpg Graphic file (type bmp)
<chapters/picture/withskin.jpg>
File: chapters/picture/without_skin.jpg Graphic file (type bmp)
<chapters/picture/without_skin.jpg>
File: chapters/picture/fish.png Graphic file (type bmp)
<chapters/picture/fish.png>

Overfull \vbox (16.5851pt too high) has occurred while \output is active []

 [9



]
File: chapters/picture/scan.png Graphic file (type bmp)
<chapters/picture/scan.png>
File: chapters/picture/fishkinji2.png Graphic file (type bmp)
<chapters/picture/fishkinji2.png>
File: chapters/picture/bousui.pdf Graphic file (type pdf)
<chapters/picture/bousui.pdf>
File: chapters/picture/jissai.jpg Graphic file (type bmp)
<chapters/picture/jissai.jpg>
File: chapters/picture/bousui_soku.jpg Graphic file (type bmp)
<chapters/picture/bousui_soku.jpg>
File: chapters/picture/bousui_naka.jpg Graphic file (type bmp)
<chapters/picture/bousui_naka.jpg>
File: chapters/picture/bousui_sentou.jpg Graphic file (type bmp)
<chapters/picture/bousui_sentou.jpg>
File: chapters/picture/open_head.jpg Graphic file (type bmp)
<chapters/picture/open_head.jpg>
File: chapters/picture/rock.png Graphic file (type bmp)
<chapters/picture/rock.png>
File: chapters/picture/toubu_kiban.png Graphic file (type bmp)
<chapters/picture/toubu_kiban.png>
File: chapters/picture/toubu_battery.png Graphic file (type bmp)
<chapters/picture/toubu_battery.png>

Overfull \vbox (16.5851pt too high) has occurred while \output is active []

 [10]

LaTeX Warning: Text page 11 contains only floats.


Overfull \vbox (16.5851pt too high) has occurred while \output is active []

 [11]
File: chapters/picture/kudou.png Graphic file (type bmp)
<chapters/picture/kudou.png>
File: chapters/picture/cover.jpg Graphic file (type bmp)
<chapters/picture/cover.jpg>
File: chapters/picture/link2.png Graphic file (type bmp)
<chapters/picture/link2.png>
File: chapters/picture/link_danseita.jpg Graphic file (type bmp)
<chapters/picture/link_danseita.jpg>
File: chapters/picture/obire.jpg Graphic file (type bmp)
<chapters/picture/obire.jpg>

Overfull \vbox (16.5851pt too high) has occurred while \output is active []

 [12]
File: chapters/picture/atata.jpg Graphic file (type bmp)
<chapters/picture/atata.jpg>
File: chapters/picture/katata.jpg Graphic file (type bmp)
<chapters/picture/katata.jpg>
File: chapters/picture/gaihi.jpg Graphic file (type bmp)
<chapters/picture/gaihi.jpg>
File: chapters/picture/gaihi_kotei.png Graphic file (type bmp)
<chapters/picture/gaihi_kotei.png>
)
Overfull \vbox (16.5851pt too high) has occurred while \output is active []

 [13]
Overfull \vbox (16.5851pt too high) has occurred while \output is active []

 [14]
\openout2 = `chapters/sec5.aux'.

 (./chapters/sec5.tex
File: chapters/picture/servo2.png Graphic file (type bmp)
<chapters/picture/servo2.png>
File: chapters/picture/obire_amp.png Graphic file (type bmp)
<chapters/picture/obire_amp.png>

Overfull \vbox (16.5851pt too high) has occurred while \output is active []

 [15



]
File: chapters/picture/test.png Graphic file (type bmp)
<chapters/picture/test.png>
File: chapters/picture/test2.png Graphic file (type bmp)
<chapters/picture/test2.png>

Overfull \vbox (16.5851pt too high) has occurred while \output is active []

 [16]
File: chapters/picture/kukkyoku.png Graphic file (type bmp)
<chapters/picture/kukkyoku.png>
File: chapters/picture/an90.eps Graphic file (type eps)
<chapters/picture/an90.eps>
File: chapters/picture/an135.eps Graphic file (type eps)
<chapters/picture/an135.eps>
File: chapters/picture/an180.eps Graphic file (type eps)
<chapters/picture/an180.eps>
)
Overfull \vbox (16.5851pt too high) has occurred while \output is active []

 [17]
Overfull \vbox (16.5851pt too high) has occurred while \output is active []

 [18]
\openout2 = `chapters/sec_kousatu.aux'.

 (./chapters/sec_kousatu.tex
File: chapters/picture/gaihi_jama_nasi.png Graphic file (type bmp)
<chapters/picture/gaihi_jama_nasi.png>
File: chapters/picture/gaihi_jama.png Graphic file (type bmp)
<chapters/picture/gaihi_jama.png>

Overfull \vbox (16.5851pt too high) has occurred while \output is active []

 [19



]
File: chapters/picture/teikou.png Graphic file (type bmp)
<chapters/picture/teikou.png>
File: chapters/picture/compare_withoutskin.eps Graphic file (type eps)
<chapters/picture/compare_withoutskin.eps>
File: chapters/picture/compare_withskin.eps Graphic file (type eps)
<chapters/picture/compare_withskin.eps>

Overfull \vbox (16.5851pt too high) has occurred while \output is active []

 [20]
File: chapters/picture/body.pdf Graphic file (type pdf)
<chapters/picture/body.pdf>

Overfull \vbox (16.5851pt too high) has occurred while \output is active []

 [21])
Overfull \vbox (16.5851pt too high) has occurred while \output is active []

 [22]
\openout2 = `chapters/conclusion.aux'.

 (./chapters/conclusion.tex)
Overfull \vbox (16.5851pt too high) has occurred while \output is active []

 [23



]
\openout2 = `chapters/acknowledgement.aux'.

 (./chapters/acknowledgement.tex)
Overfull \vbox (16.5851pt too high) has occurred while \output is active []

 [24



]
\openout2 = `chapters/bibliography.aux'.

 (./chapters/bibliography.tex)
Overfull \vbox (16.5851pt too high) has occurred while \output is active []

 [25



]
\openout2 = `chapters/appendix.aux'.

 (./chapters/appendix.tex
File: chapters/picture/atugami.jpg Graphic file (type bmp)
<chapters/picture/atugami.jpg>
File: chapters/picture/kiban.png Graphic file (type bmp)
<chapters/picture/kiban.png>
File: chapters/picture/kiban_real.jpg Graphic file (type bmp)
<chapters/picture/kiban_real.jpg>
File: chapters/picture/kiban_kousei.png Graphic file (type bmp)
<chapters/picture/kiban_kousei.png>
)
Overfull \vbox (16.5851pt too high) has occurred while \output is active []

 [26



]
Overfull \vbox (16.5851pt too high) has occurred while \output is active []

 [27] (./main.aux (./chapters/abstract.aux) (./chapters/abstract(english).aux) (./chapters/introduction.aux) (./chapters/sec2.aux) (./chapters/sec3.aux) (./chapters/sec4.aux) (./chapters/sec5.aux) (./chapters/sec_kousatu.aux) (./chapters/conclusion.aux) (./chapters/acknowledgement.aux) (./chapters/bibliography.aux) (./chapters/appendix.aux))
 ***********
pLaTeX2e <2023-02-14>+1, based on
LaTeX2e <2023-11-01> patch level 1
L3 programming layer <2024-03-14>
 ***********
 ) 
Here is how much of TeX's memory you used:
 5988 strings out of 474761
 108925 string characters out of 5761786
 1930341 words of memory out of 5000000
 28139 multiletter control sequences out of 15000+600000
 575756 words of font info for 103 fonts, out of 8000000 for 9000
 929 hyphenation exceptions out of 8191
 67i,14n,79p,378b,718s stack positions out of 10000i,1000n,20000p,200000b,200000s

Output written on main.dvi (31 pages, 98028 bytes).
